{"/Users/ollie/Projects/Coding/Makers_files/week_10/bank-tech-test/src/account.js": {"path":"/Users/ollie/Projects/Coding/Makers_files/week_10/bank-tech-test/src/account.js","statementMap":{"0":{"start":{"line":3,"column":4},"end":{"line":3,"column":21}},"1":{"start":{"line":4,"column":4},"end":{"line":4,"column":27}},"2":{"start":{"line":8,"column":4},"end":{"line":8,"column":24}},"3":{"start":{"line":15,"column":4},"end":{"line":15,"column":26}},"4":{"start":{"line":16,"column":4},"end":{"line":20,"column":9}},"5":{"start":{"line":24,"column":4},"end":{"line":24,"column":26}},"6":{"start":{"line":25,"column":4},"end":{"line":29,"column":9}},"7":{"start":{"line":33,"column":4},"end":{"line":33,"column":29}},"8":{"start":{"line":37,"column":15},"end":{"line":37,"column":62}},"9":{"start":{"line":38,"column":4},"end":{"line":38,"column":20}},"10":{"start":{"line":42,"column":0},"end":{"line":42,"column":25}}},"fnMap":{"0":{"name":"(anonymous_0)","decl":{"start":{"line":2,"column":2},"end":{"line":2,"column":3}},"loc":{"start":{"line":2,"column":16},"end":{"line":5,"column":3}},"line":2},"1":{"name":"(anonymous_1)","decl":{"start":{"line":7,"column":2},"end":{"line":7,"column":3}},"loc":{"start":{"line":7,"column":15},"end":{"line":9,"column":3}},"line":7},"2":{"name":"(anonymous_2)","decl":{"start":{"line":14,"column":2},"end":{"line":14,"column":3}},"loc":{"start":{"line":14,"column":46},"end":{"line":21,"column":3}},"line":14},"3":{"name":"(anonymous_3)","decl":{"start":{"line":23,"column":2},"end":{"line":23,"column":3}},"loc":{"start":{"line":23,"column":47},"end":{"line":30,"column":5}},"line":23},"4":{"name":"(anonymous_4)","decl":{"start":{"line":32,"column":2},"end":{"line":32,"column":3}},"loc":{"start":{"line":32,"column":20},"end":{"line":34,"column":3}},"line":32},"5":{"name":"(anonymous_5)","decl":{"start":{"line":36,"column":2},"end":{"line":36,"column":3}},"loc":{"start":{"line":36,"column":18},"end":{"line":39,"column":3}},"line":36}},"branchMap":{"0":{"loc":{"start":{"line":14,"column":17},"end":{"line":14,"column":44}},"type":"default-arg","locations":[{"start":{"line":14,"column":24},"end":{"line":14,"column":44}}],"line":14},"1":{"loc":{"start":{"line":23,"column":18},"end":{"line":23,"column":45}},"type":"default-arg","locations":[{"start":{"line":23,"column":25},"end":{"line":23,"column":45}}],"line":23}},"s":{"0":11,"1":11,"2":17,"3":7,"4":7,"5":5,"6":5,"7":7,"8":9,"9":9,"10":2},"f":{"0":11,"1":17,"2":7,"3":5,"4":7,"5":9},"b":{"0":[5],"1":[4]},"_coverageSchema":"1a1c01bbd47fc00a2c39e90264f33305004495a9","hash":"489cc7a69b8ad10422bbbab0f01e3fefe95a02da"}
,"/Users/ollie/Projects/Coding/Makers_files/week_10/bank-tech-test/src/statement.js": {"path":"/Users/ollie/Projects/Coding/Makers_files/week_10/bank-tech-test/src/statement.js","statementMap":{"0":{"start":{"line":3,"column":4},"end":{"line":3,"column":56}},"1":{"start":{"line":4,"column":4},"end":{"line":4,"column":27}},"2":{"start":{"line":8,"column":28},"end":{"line":8,"column":58}},"3":{"start":{"line":9,"column":34},"end":{"line":16,"column":8}},"4":{"start":{"line":10,"column":8},"end":{"line":15,"column":9}},"5":{"start":{"line":11,"column":11},"end":{"line":11,"column":150}},"6":{"start":{"line":14,"column":10},"end":{"line":14,"column":156}},"7":{"start":{"line":18,"column":6},"end":{"line":18,"column":56}},"8":{"start":{"line":22,"column":5},"end":{"line":22,"column":56}},"9":{"start":{"line":26,"column":0},"end":{"line":26,"column":27}}},"fnMap":{"0":{"name":"(anonymous_0)","decl":{"start":{"line":2,"column":2},"end":{"line":2,"column":3}},"loc":{"start":{"line":2,"column":16},"end":{"line":5,"column":3}},"line":2},"1":{"name":"(anonymous_1)","decl":{"start":{"line":7,"column":2},"end":{"line":7,"column":3}},"loc":{"start":{"line":7,"column":23},"end":{"line":19,"column":3}},"line":7},"2":{"name":"(anonymous_2)","decl":{"start":{"line":9,"column":56},"end":{"line":9,"column":57}},"loc":{"start":{"line":9,"column":71},"end":{"line":16,"column":7}},"line":9},"3":{"name":"(anonymous_3)","decl":{"start":{"line":21,"column":2},"end":{"line":21,"column":3}},"loc":{"start":{"line":21,"column":24},"end":{"line":23,"column":3}},"line":21}},"branchMap":{"0":{"loc":{"start":{"line":10,"column":8},"end":{"line":15,"column":9}},"type":"if","locations":[{"start":{"line":10,"column":8},"end":{"line":15,"column":9}},{"start":{"line":12,"column":15},"end":{"line":15,"column":9}}],"line":10}},"s":{"0":3,"1":3,"2":3,"3":3,"4":4,"5":3,"6":1,"7":3,"8":3,"9":1},"f":{"0":3,"1":3,"2":4,"3":3},"b":{"0":[3,1]},"_coverageSchema":"1a1c01bbd47fc00a2c39e90264f33305004495a9","hash":"72166b2717e4c6c64a9e87a476af334cbf0e5505"}
}
