TN:
SF:src/account.js
FN:2,(anonymous_0)
FN:7,(anonymous_1)
FN:14,(anonymous_2)
FN:23,(anonymous_3)
FN:32,(anonymous_4)
FN:36,(anonymous_5)
FNF:6
FNH:6
FNDA:11,(anonymous_0)
FNDA:17,(anonymous_1)
FNDA:7,(anonymous_2)
FNDA:5,(anonymous_3)
FNDA:7,(anonymous_4)
FNDA:9,(anonymous_5)
DA:3,11
DA:4,11
DA:8,17
DA:15,7
DA:16,7
DA:24,5
DA:25,5
DA:33,7
DA:37,9
DA:38,9
DA:42,2
LF:11
LH:11
BRDA:14,0,0,5
BRDA:23,1,0,4
BRF:2
BRH:2
end_of_record
TN:
SF:src/statement.js
FN:2,(anonymous_0)
FN:7,(anonymous_1)
FN:9,(anonymous_2)
FN:21,(anonymous_3)
FNF:4
FNH:4
FNDA:3,(anonymous_0)
FNDA:3,(anonymous_1)
FNDA:4,(anonymous_2)
FNDA:3,(anonymous_3)
DA:3,3
DA:4,3
DA:8,3
DA:9,3
DA:10,4
DA:11,3
DA:14,1
DA:18,3
DA:22,3
DA:26,1
LF:10
LH:10
BRDA:10,0,0,3
BRDA:10,0,1,1
BRF:2
BRH:2
end_of_record
